0 info it worked if it ends with ok
1 verbose cli [ '/usr/local/bin/node', '/usr/local/bin/npm', 'publish' ]
2 info using npm@1.4.28
3 info using node@v0.10.33
4 verbose publish [ '.' ]
5 verbose cache add [ '.', null ]
6 verbose cache add name=undefined spec="." args=[".",null]
7 verbose parsed url { protocol: null,
7 verbose parsed url   slashes: null,
7 verbose parsed url   auth: null,
7 verbose parsed url   host: null,
7 verbose parsed url   port: null,
7 verbose parsed url   hostname: null,
7 verbose parsed url   hash: null,
7 verbose parsed url   search: null,
7 verbose parsed url   query: null,
7 verbose parsed url   pathname: '.',
7 verbose parsed url   path: '.',
7 verbose parsed url   href: '.' }
8 silly lockFile 3a52ce78- .
9 verbose lock . /Users/zzm/.npm/3a52ce78-.lock
10 verbose tar pack [ '/Users/zzm/.npm/WOZLLA.js/1.0.0/package.tgz', '.' ]
11 verbose tarball /Users/zzm/.npm/WOZLLA.js/1.0.0/package.tgz
12 verbose folder .
13 info prepublish WOZLLA.js@1.0.0
14 silly lockFile 1f1177db-tar tar://.
15 verbose lock tar://. /Users/zzm/.npm/1f1177db-tar.lock
16 silly lockFile 01586cd6--npm-WOZLLA-js-1-0-0-package-tgz tar:///Users/zzm/.npm/WOZLLA.js/1.0.0/package.tgz
17 verbose lock tar:///Users/zzm/.npm/WOZLLA.js/1.0.0/package.tgz /Users/zzm/.npm/01586cd6--npm-WOZLLA-js-1-0-0-package-tgz.lock
18 silly lockFile 1f1177db-tar tar://.
19 silly lockFile 1f1177db-tar tar://.
20 silly lockFile 01586cd6--npm-WOZLLA-js-1-0-0-package-tgz tar:///Users/zzm/.npm/WOZLLA.js/1.0.0/package.tgz
21 silly lockFile 01586cd6--npm-WOZLLA-js-1-0-0-package-tgz tar:///Users/zzm/.npm/WOZLLA.js/1.0.0/package.tgz
22 silly lockFile 30000148--zzm-npm-WOZLLA-js-1-0-0-package /Users/zzm/.npm/WOZLLA.js/1.0.0/package
23 verbose lock /Users/zzm/.npm/WOZLLA.js/1.0.0/package /Users/zzm/.npm/30000148--zzm-npm-WOZLLA-js-1-0-0-package.lock
24 silly lockFile 30000148--zzm-npm-WOZLLA-js-1-0-0-package /Users/zzm/.npm/WOZLLA.js/1.0.0/package
25 silly lockFile 30000148--zzm-npm-WOZLLA-js-1-0-0-package /Users/zzm/.npm/WOZLLA.js/1.0.0/package
26 silly lockFile 3a52ce78- .
27 silly lockFile 3a52ce78- .
28 silly publish { name: 'WOZLLA.js',
28 silly publish   version: '1.0.0',
28 silly publish   description: 'WOZLLA.js is aim to provide completed solution for making HTML5 mobile game.',
28 silly publish   main: 'WOZLLA.js',
28 silly publish   dependencies: { hammerjs: '^2.0.4' },
28 silly publish   devDependencies: {},
28 silly publish   scripts: { test: 'echo "Error: no test specified" && exit 1' },
28 silly publish   repository: { type: 'git', url: 'https://github.com/wozlla/WOZLLA.js' },
28 silly publish   author: { name: 'xiaoming@wozlla.com' },
28 silly publish   license: 'MIT',
28 silly publish   bugs: { url: 'https://github.com/wozlla/WOZLLA.js/issues' },
28 silly publish   homepage: 'https://github.com/wozlla/WOZLLA.js',
28 silly publish   readme: '# WOZLLA.js\n\n**WOZLLA.js** is a JavaScript/TypeScript 2D Game Engine, it aims to provide a complete solution for HTML5\ngames creation. It uses WebGL for 2D rendering and is NOT compatible with Canvas2D.\n\n## Getting Started\n\n```javascript\n// create director and start main loop\nvar director = new WOZLLA.Director(document.getElementById(\'canvas\'));\ndirector.start();\n\n// new a GameObject\nvar gameObj = new WOZLLA.GameObject();\n// create a sprite renderer\nvar spriteRenderer = new WOZLLA.component.SpriteRenderer();\n// set image src\nspriteRenderer.imageSrc = \'images/panda.png\';\n// add to gameObj\ngameObj.addComponent(spriteRenderer);\n\n// this would automatically load all assets of gameObj, children and children\'s children.\ngameObj.loadAssets(function() {\n    // init gameObj\n    gameObj.init();\n    // add to stage\n    director.stage.addChild(gameObj);\n});\n```\n\n## Core Architecture\n\n![Architecture](architecture.png)\n\n## Current Features\n\nVersion 1.0 (Released)\n\n* WebGL Rendering\n* GameObject and Component\n* Transform and Tween\n* Event System\n* Touch Input\n* Graphics: Sprite/NinePatch/Mask\n* Animation: DragonBones\n* UI widget: Button/CheckBox\n* Automatically Assets Management\n\n## API References\n[API References](http://zzm2q.github.io/WOZLLA.js/docs/api/template.html)\n\n\n## Change Logs\n\n* add ScrollRect\n\n* Version 1.0 (Released)\n* add AnimationRenderer\n* add simple primitives: RectRenderer, CircleRenderer\n* add TextRenderer\n* add a base class: CanvasRenderer\n* Auto Assets Management\n\n* Version 0.5.1 (Released)\n\n## RoadMap\n\nVersion 1.5\n* Stability Optimization\n* Sound System\n* More UI components\n\nVersion 2.0\n* Enhance the JSON file of GameObject structure, so users could simply build a GameObject tree with JSON files.\n* Provide an Editor for visual editing\n\n\n## Bug Reporting\n\nPlease report [issues](https://github.com/wozlla/WOZLLA.js/issues) with as much info as possible.\n\n## Thanks\n\nThe parts of technologies WOZLLA.js using was learn from the following libraries:\n\n* [pixi.js](https://github.com/GoodBoyDigital/pixi.js)\n* [createjs](https://github.com/CreateJS)\n\n## MIT License\n\nThe MIT License (MIT)\n\nCopyright (c) 2014-2015 Wozlla\n\nPermission is hereby granted, free of charge, to any person obtaining a copy\nof this software and associated documentation files (the "Software"), to deal\nin the Software without restriction, including without limitation the rights\nto use, copy, modify, merge, publish, distribute, sublicense, and/or sell\ncopies of the Software, and to permit persons to whom the Software is\nfurnished to do so, subject to the following conditions:\n\nThe above copyright notice and this permission notice shall be included in all\ncopies or substantial portions of the Software.\n\nTHE SOFTWARE IS PROVIDED "AS IS", WITHOUT WARRANTY OF ANY KIND, EXPRESS OR\nIMPLIED, INCLUDING BUT NOT LIMITED TO THE WARRANTIES OF MERCHANTABILITY,\nFITNESS FOR A PARTICULAR PURPOSE AND NONINFRINGEMENT. IN NO EVENT SHALL THE\nAUTHORS OR COPYRIGHT HOLDERS BE LIABLE FOR ANY CLAIM, DAMAGES OR OTHER\nLIABILITY, WHETHER IN AN ACTION OF CONTRACT, TORT OR OTHERWISE, ARISING FROM,\nOUT OF OR IN CONNECTION WITH THE SOFTWARE OR THE USE OR OTHER DEALINGS IN THE\nSOFTWARE.',
28 silly publish   readmeFilename: 'README.md',
28 silly publish   _id: 'WOZLLA.js@1.0.0',
28 silly publish   _shasum: 'ab689a24fd09aaf6284c11a5a353904db821e4d8',
28 silly publish   _from: '.' }
29 verbose request where is /WOZLLA.js
30 verbose request registry https://registry.npmjs.org/
31 verbose request id 767b01784c6f3e9e
32 verbose url raw /WOZLLA.js
33 verbose url resolving [ 'https://registry.npmjs.org/', './WOZLLA.js' ]
34 verbose url resolved https://registry.npmjs.org/WOZLLA.js
35 verbose request where is https://registry.npmjs.org/WOZLLA.js
36 info trying registry request attempt 1 at 20:01:56
37 http PUT https://registry.npmjs.org/WOZLLA.js
38 http 403 https://registry.npmjs.org/WOZLLA.js
39 verbose headers { date: 'Mon, 02 Feb 2015 12:02:06 GMT',
39 verbose headers   server: 'CouchDB/1.5.0 (Erlang OTP/R16B03)',
39 verbose headers   'content-type': 'application/json',
39 verbose headers   'cache-control': 'max-age=60',
39 verbose headers   'content-length': '76',
39 verbose headers   'accept-ranges': 'bytes',
39 verbose headers   via: '1.1 varnish',
39 verbose headers   'x-served-by': 'cache-ty68-TYO',
39 verbose headers   'x-cache': 'MISS',
39 verbose headers   'x-cache-hits': '0',
39 verbose headers   'x-timer': 'S1422878518.449585,VS0,VE7890',
39 verbose headers   'keep-alive': 'timeout=10, max=50',
39 verbose headers   connection: 'Keep-Alive' }
40 error publish Failed PUT 403
41 error Error: forbidden New packages must have all-lowercase names: WOZLLA.js
41 error     at RegClient.<anonymous> (/usr/local/lib/node_modules/npm/node_modules/npm-registry-client/lib/request.js:308:14)
41 error     at Request._callback (/usr/local/lib/node_modules/npm/node_modules/npm-registry-client/lib/request.js:246:65)
41 error     at Request.self.callback (/usr/local/lib/node_modules/npm/node_modules/request/request.js:236:22)
41 error     at Request.emit (events.js:98:17)
41 error     at Request.<anonymous> (/usr/local/lib/node_modules/npm/node_modules/request/request.js:1142:14)
41 error     at Request.emit (events.js:117:20)
41 error     at IncomingMessage.<anonymous> (/usr/local/lib/node_modules/npm/node_modules/request/request.js:1096:12)
41 error     at IncomingMessage.emit (events.js:117:20)
41 error     at _stream_readable.js:943:16
41 error     at process._tickCallback (node.js:419:13)
42 error If you need help, you may report this *entire* log,
42 error including the npm and node versions, at:
42 error     <http://github.com/npm/npm/issues>
43 error System Darwin 14.1.0
44 error command "/usr/local/bin/node" "/usr/local/bin/npm" "publish"
45 error cwd /Users/zzm/dev/wozlla/WOZLLA.js
46 error node -v v0.10.33
47 error npm -v 1.4.28
48 verbose exit [ 1, true ]
